::1 - - [29/Sep/2022:11:55:59 +0000] "POST /api/v1/users/signup HTTP/1.1" 500 1445 "-" "PostmanRuntime/7.29.2"
::1 - - [29/Sep/2022:11:57:19 +0000] "POST /api/v1/users/signup HTTP/1.1" 500 1445 "-" "PostmanRuntime/7.29.2"
::1 - - [29/Sep/2022:11:58:01 +0000] "POST /api/v1/users/signup HTTP/1.1" 500 1203 "-" "PostmanRuntime/7.29.2"
::1 - - [29/Sep/2022:12:16:54 +0000] "POST /api/v1/users/signup HTTP/1.1" 404 159 "-" "PostmanRuntime/7.29.2"
::1 - - [29/Sep/2022:12:17:33 +0000] "POST /api/v1/users/signup HTTP/1.1" 404 159 "-" "PostmanRuntime/7.29.2"
::1 - - [29/Sep/2022:12:19:35 +0000] "POST /api/v1/users/signup HTTP/1.1" 404 159 "-" "PostmanRuntime/7.29.2"
::1 - - [29/Sep/2022:12:20:39 +0000] "POST /api/v1/users/signup HTTP/1.1" 404 159 "-" "PostmanRuntime/7.29.2"
::1 - - [29/Sep/2022:12:21:17 +0000] "POST /api/v1/users/signup HTTP/1.1" 500 51 "-" "PostmanRuntime/7.29.2"
::1 - - [29/Sep/2022:14:55:28 +0000] "POST /api/v1/users/signup HTTP/1.1" 500 1635 "-" "PostmanRuntime/7.29.2"
::1 - - [29/Sep/2022:14:55:45 +0000] "POST /api/v1/users/signup HTTP/1.1" 201 335 "-" "PostmanRuntime/7.29.2"
::1 - - [01/Oct/2022:12:06:48 +0000] "POST /api/v1/users/signup HTTP/1.1" 500 1341 "-" "PostmanRuntime/7.29.2"
::1 - - [01/Oct/2022:12:10:03 +0000] "POST /api/v1/users/signup HTTP/1.1" 201 325 "-" "PostmanRuntime/7.29.2"
::1 - - [01/Oct/2022:12:14:11 +0000] "POST /api/v1/users/signup HTTP/1.1" 201 321 "-" "PostmanRuntime/7.29.2"
::1 - - [01/Oct/2022:12:27:53 +0000] "GET /api/v1/products HTTP/1.1" 500 1465 "-" "PostmanRuntime/7.29.2"
::1 - - [01/Oct/2022:12:31:48 +0000] "GET /api/v1/products?name=1&amount[gte]=200 HTTP/1.1" 500 1486 "-" "PostmanRuntime/7.29.2"
::1 - - [01/Oct/2022:12:32:29 +0000] "GET /api/v1/products?name=1&amount[gte]=200 HTTP/1.1" 500 1486 "-" "PostmanRuntime/7.29.2"
::1 - - [01/Oct/2022:12:44:50 +0000] "GET /api/v1/products?name=1&amount[gte]=200 HTTP/1.1" 200 55 "-" "PostmanRuntime/7.29.2"
::1 - - [01/Oct/2022:13:03:20 +0000] "POST /api/v1/products HTTP/1.1" 401 1501 "-" "PostmanRuntime/7.29.2"
::1 - - [01/Oct/2022:13:03:36 +0000] "POST /api/v1/products HTTP/1.1" 403 773 "-" "PostmanRuntime/7.29.2"
::1 - - [01/Oct/2022:13:04:05 +0000] "POST /api/v1/products HTTP/1.1" 403 773 "-" "PostmanRuntime/7.29.2"
::1 - - [01/Oct/2022:13:05:58 +0000] "POST /api/v1/products HTTP/1.1" 201 176 "-" "PostmanRuntime/7.29.2"
::1 - - [01/Oct/2022:13:06:36 +0000] "POST /api/v1/products HTTP/1.1" 201 181 "-" "PostmanRuntime/7.29.2"
::1 - - [01/Oct/2022:13:07:07 +0000] "GET /api/v1/products?name=1&amount[gte]=200 HTTP/1.1" 200 55 "-" "PostmanRuntime/7.29.2"
::1 - - [01/Oct/2022:13:07:10 +0000] "GET /api/v1/products?name=1&amount[gte]=200 HTTP/1.1" 200 55 "-" "PostmanRuntime/7.29.2"
::1 - - [01/Oct/2022:13:07:18 +0000] "GET /api/v1/products?name=1&amount[gte]=20 HTTP/1.1" 200 55 "-" "PostmanRuntime/7.29.2"
::1 - - [01/Oct/2022:13:07:20 +0000] "GET /api/v1/products?name=1&amount[gte]=20 HTTP/1.1" 200 55 "-" "PostmanRuntime/7.29.2"
::1 - - [01/Oct/2022:13:07:25 +0000] "GET /api/v1/products HTTP/1.1" 200 317 "-" "PostmanRuntime/7.29.2"
::1 - - [01/Oct/2022:13:07:39 +0000] "GET /api/v1/products?amount[gte]=20 HTTP/1.1" 200 317 "-" "PostmanRuntime/7.29.2"
::1 - - [01/Oct/2022:13:07:57 +0000] "GET /api/v1/products?amount[gte]=70 HTTP/1.1" 200 188 "-" "PostmanRuntime/7.29.2"
::1 - - [01/Oct/2022:13:08:52 +0000] "GET /api/v1/products?name=%22Gala%22 HTTP/1.1" 200 55 "-" "PostmanRuntime/7.29.2"
::1 - - [01/Oct/2022:13:09:05 +0000] "GET /api/v1/products?name=Gala HTTP/1.1" 200 183 "-" "PostmanRuntime/7.29.2"
::1 - - [01/Oct/2022:13:23:39 +0000] "POST /api/v1/products HTTP/1.1" 500 2284 "-" "PostmanRuntime/7.29.2"
::1 - - [01/Oct/2022:13:24:24 +0000] "POST /api/v1/products HTTP/1.1" 500 2284 "-" "PostmanRuntime/7.29.2"
::1 - - [01/Oct/2022:13:26:55 +0000] "POST /api/v1/products HTTP/1.1" 500 1034 "-" "PostmanRuntime/7.29.2"
::1 - - [01/Oct/2022:13:27:34 +0000] "POST /api/v1/products HTTP/1.1" 201 157 "-" "PostmanRuntime/7.29.2"
::1 - - [01/Oct/2022:13:28:54 +0000] "POST /api/v1/products HTTP/1.1" 201 177 "-" "PostmanRuntime/7.29.2"
::1 - - [01/Oct/2022:13:29:49 +0000] "POST /api/v1/products HTTP/1.1" 400 1462 "-" "PostmanRuntime/7.29.2"
::1 - - [01/Oct/2022:13:40:03 +0000] "POST /api/v1/products HTTP/1.1" 201 191 "-" "PostmanRuntime/7.29.2"
::1 - - [01/Oct/2022:13:44:41 +0000] "POST /api/v1/products HTTP/1.1" 201 193 "-" "PostmanRuntime/7.29.2"
